2023-11-17 09:37:01,265 [Worker-4: Loading available Gradle versions] INFO  o.e.b.c.i.u.g.PublishedGradleVersions - Gradle version information cache is up-to-date. Trying to read.
2023-11-17 09:37:48,087 [Worker-3: Importing Maven projects] INFO  o.e.m.c.i.l.LifecycleMappingFactory - Using org.eclipse.m2e.jdt.JarLifecycleMapping lifecycle mapping for MavenProject: sample.demo:FirstProject:0.0.1-SNAPSHOT @ D:\SentientGeeks_Projects\FirstProject\pom.xml.
2023-11-17 09:37:55,916 [Worker-3: Importing Maven projects] INFO  o.e.m.j.i.AbstractJavaProjectConfigurator - Adding source folder /FirstProject/src/main/java
2023-11-17 09:37:55,917 [Worker-3: Importing Maven projects] INFO  o.e.m.j.i.AbstractJavaProjectConfigurator - Adding resource folder /FirstProject/src/main/resources
2023-11-17 09:37:55,921 [Worker-3: Importing Maven projects] INFO  o.e.m.j.i.AbstractJavaProjectConfigurator - Adding source folder /FirstProject/src/test/java
2023-11-17 09:37:55,921 [Worker-3: Importing Maven projects] INFO  o.e.m.j.i.AbstractJavaProjectConfigurator - Adding resource folder /FirstProject/src/test/resources
2023-11-17 09:37:56,416 [Worker-3: Importing Maven projects] INFO  o.e.m.c.i.p.ProjectConfigurationManager - Imported and configured 1 project(s) in 14 sec
2023-11-17 09:37:57,462 [Worker-5: Building] INFO  o.a.m.s.f.DefaultMavenResourcesFiltering - Copying 1 resource from src\main\resources to target\classes
2023-11-17 09:37:57,476 [Worker-5: Building] INFO  o.a.m.s.f.DefaultMavenResourcesFiltering - Copying 0 resource from src\test\resources to target\test-classes
2023-11-17 10:24:35,467 [Worker-20: Launching mavenrun-445b69a0-210d-4b5e-bb5a-04dfb4cb2d2c] INFO  o.eclipse.m2e.core.internal.Bundles - getClasspathEntries(Bundle=org.eclipse.m2e.maven.runtime_3.9.400.20230826-0755 [621])
2023-11-17 10:24:35,471 [Worker-20: Launching mavenrun-445b69a0-210d-4b5e-bb5a-04dfb4cb2d2c] INFO  o.eclipse.m2e.core.internal.Bundles - 	Entry: C:\Users\abc\.p2\pool\plugins\org.eclipse.m2e.maven.runtime_3.9.400.20230826-0755
2023-11-17 10:24:35,472 [Worker-20: Launching mavenrun-445b69a0-210d-4b5e-bb5a-04dfb4cb2d2c] INFO  o.eclipse.m2e.core.internal.Bundles - 	Entry: C:\Users\abc\.p2\pool\plugins\org.eclipse.m2e.maven.runtime_3.9.400.20230826-0755\jars\aether-connector-okhttp-0.17.8.jar
2023-11-17 10:24:35,472 [Worker-20: Launching mavenrun-445b69a0-210d-4b5e-bb5a-04dfb4cb2d2c] INFO  o.eclipse.m2e.core.internal.Bundles - 	Entry: C:\Users\abc\.p2\pool\plugins\org.eclipse.m2e.maven.runtime_3.9.400.20230826-0755\jars\aopalliance-1.0.jar
2023-11-17 10:24:35,473 [Worker-20: Launching mavenrun-445b69a0-210d-4b5e-bb5a-04dfb4cb2d2c] INFO  o.eclipse.m2e.core.internal.Bundles - 	Entry: C:\Users\abc\.p2\pool\plugins\org.eclipse.m2e.maven.runtime_3.9.400.20230826-0755\jars\commons-lang3-3.12.0.jar
2023-11-17 10:24:35,473 [Worker-20: Launching mavenrun-445b69a0-210d-4b5e-bb5a-04dfb4cb2d2c] INFO  o.eclipse.m2e.core.internal.Bundles - 	Entry: C:\Users\abc\.p2\pool\plugins\org.eclipse.m2e.maven.runtime_3.9.400.20230826-0755\jars\guice-5.1.0.jar
2023-11-17 10:24:35,474 [Worker-20: Launching mavenrun-445b69a0-210d-4b5e-bb5a-04dfb4cb2d2c] INFO  o.eclipse.m2e.core.internal.Bundles - 	Entry: C:\Users\abc\.p2\pool\plugins\org.eclipse.m2e.maven.runtime_3.9.400.20230826-0755\jars\jansi-2.4.0.jar
2023-11-17 10:24:35,474 [Worker-20: Launching mavenrun-445b69a0-210d-4b5e-bb5a-04dfb4cb2d2c] INFO  o.eclipse.m2e.core.internal.Bundles - 	Entry: C:\Users\abc\.p2\pool\plugins\org.eclipse.m2e.maven.runtime_3.9.400.20230826-0755\jars\maven-artifact-3.9.4.jar
2023-11-17 10:24:35,474 [Worker-20: Launching mavenrun-445b69a0-210d-4b5e-bb5a-04dfb4cb2d2c] INFO  o.eclipse.m2e.core.internal.Bundles - 	Entry: C:\Users\abc\.p2\pool\plugins\org.eclipse.m2e.maven.runtime_3.9.400.20230826-0755\jars\maven-builder-support-3.9.4.jar
2023-11-17 10:24:35,475 [Worker-20: Launching mavenrun-445b69a0-210d-4b5e-bb5a-04dfb4cb2d2c] INFO  o.eclipse.m2e.core.internal.Bundles - 	Entry: C:\Users\abc\.p2\pool\plugins\org.eclipse.m2e.maven.runtime_3.9.400.20230826-0755\jars\maven-compat-3.9.4.jar
2023-11-17 10:24:35,475 [Worker-20: Launching mavenrun-445b69a0-210d-4b5e-bb5a-04dfb4cb2d2c] INFO  o.eclipse.m2e.core.internal.Bundles - 	Entry: C:\Users\abc\.p2\pool\plugins\org.eclipse.m2e.maven.runtime_3.9.400.20230826-0755\jars\maven-core-3.9.4.jar
2023-11-17 10:24:35,475 [Worker-20: Launching mavenrun-445b69a0-210d-4b5e-bb5a-04dfb4cb2d2c] INFO  o.eclipse.m2e.core.internal.Bundles - 	Entry: C:\Users\abc\.p2\pool\plugins\org.eclipse.m2e.maven.runtime_3.9.400.20230826-0755\jars\maven-embedder-3.9.4.jar
2023-11-17 10:24:35,476 [Worker-20: Launching mavenrun-445b69a0-210d-4b5e-bb5a-04dfb4cb2d2c] INFO  o.eclipse.m2e.core.internal.Bundles - 	Entry: C:\Users\abc\.p2\pool\plugins\org.eclipse.m2e.maven.runtime_3.9.400.20230826-0755\jars\maven-model-3.9.4.jar
2023-11-17 10:24:35,476 [Worker-20: Launching mavenrun-445b69a0-210d-4b5e-bb5a-04dfb4cb2d2c] INFO  o.eclipse.m2e.core.internal.Bundles - 	Entry: C:\Users\abc\.p2\pool\plugins\org.eclipse.m2e.maven.runtime_3.9.400.20230826-0755\jars\maven-model-builder-3.9.4.jar
2023-11-17 10:24:35,477 [Worker-20: Launching mavenrun-445b69a0-210d-4b5e-bb5a-04dfb4cb2d2c] INFO  o.eclipse.m2e.core.internal.Bundles - 	Entry: C:\Users\abc\.p2\pool\plugins\org.eclipse.m2e.maven.runtime_3.9.400.20230826-0755\jars\maven-plugin-api-3.9.4.jar
2023-11-17 10:24:35,477 [Worker-20: Launching mavenrun-445b69a0-210d-4b5e-bb5a-04dfb4cb2d2c] INFO  o.eclipse.m2e.core.internal.Bundles - 	Entry: C:\Users\abc\.p2\pool\plugins\org.eclipse.m2e.maven.runtime_3.9.400.20230826-0755\jars\maven-repository-metadata-3.9.4.jar
2023-11-17 10:24:35,478 [Worker-20: Launching mavenrun-445b69a0-210d-4b5e-bb5a-04dfb4cb2d2c] INFO  o.eclipse.m2e.core.internal.Bundles - 	Entry: C:\Users\abc\.p2\pool\plugins\org.eclipse.m2e.maven.runtime_3.9.400.20230826-0755\jars\maven-resolver-api-1.9.14.jar
2023-11-17 10:24:35,478 [Worker-20: Launching mavenrun-445b69a0-210d-4b5e-bb5a-04dfb4cb2d2c] INFO  o.eclipse.m2e.core.internal.Bundles - 	Entry: C:\Users\abc\.p2\pool\plugins\org.eclipse.m2e.maven.runtime_3.9.400.20230826-0755\jars\maven-resolver-connector-basic-1.9.14.jar
2023-11-17 10:24:35,500 [Worker-20: Launching mavenrun-445b69a0-210d-4b5e-bb5a-04dfb4cb2d2c] INFO  o.eclipse.m2e.core.internal.Bundles - 	Entry: C:\Users\abc\.p2\pool\plugins\org.eclipse.m2e.maven.runtime_3.9.400.20230826-0755\jars\maven-resolver-impl-1.9.14.jar
2023-11-17 10:24:35,501 [Worker-20: Launching mavenrun-445b69a0-210d-4b5e-bb5a-04dfb4cb2d2c] INFO  o.eclipse.m2e.core.internal.Bundles - 	Entry: C:\Users\abc\.p2\pool\plugins\org.eclipse.m2e.maven.runtime_3.9.400.20230826-0755\jars\maven-resolver-named-locks-1.9.14.jar
2023-11-17 10:24:35,501 [Worker-20: Launching mavenrun-445b69a0-210d-4b5e-bb5a-04dfb4cb2d2c] INFO  o.eclipse.m2e.core.internal.Bundles - 	Entry: C:\Users\abc\.p2\pool\plugins\org.eclipse.m2e.maven.runtime_3.9.400.20230826-0755\jars\maven-resolver-provider-3.9.4.jar
2023-11-17 10:24:35,502 [Worker-20: Launching mavenrun-445b69a0-210d-4b5e-bb5a-04dfb4cb2d2c] INFO  o.eclipse.m2e.core.internal.Bundles - 	Entry: C:\Users\abc\.p2\pool\plugins\org.eclipse.m2e.maven.runtime_3.9.400.20230826-0755\jars\maven-resolver-spi-1.9.14.jar
2023-11-17 10:24:35,502 [Worker-20: Launching mavenrun-445b69a0-210d-4b5e-bb5a-04dfb4cb2d2c] INFO  o.eclipse.m2e.core.internal.Bundles - 	Entry: C:\Users\abc\.p2\pool\plugins\org.eclipse.m2e.maven.runtime_3.9.400.20230826-0755\jars\maven-resolver-transport-wagon-1.9.14.jar
2023-11-17 10:24:35,503 [Worker-20: Launching mavenrun-445b69a0-210d-4b5e-bb5a-04dfb4cb2d2c] INFO  o.eclipse.m2e.core.internal.Bundles - 	Entry: C:\Users\abc\.p2\pool\plugins\org.eclipse.m2e.maven.runtime_3.9.400.20230826-0755\jars\maven-resolver-util-1.9.14.jar
2023-11-17 10:24:35,503 [Worker-20: Launching mavenrun-445b69a0-210d-4b5e-bb5a-04dfb4cb2d2c] INFO  o.eclipse.m2e.core.internal.Bundles - 	Entry: C:\Users\abc\.p2\pool\plugins\org.eclipse.m2e.maven.runtime_3.9.400.20230826-0755\jars\maven-settings-3.9.4.jar
2023-11-17 10:24:35,503 [Worker-20: Launching mavenrun-445b69a0-210d-4b5e-bb5a-04dfb4cb2d2c] INFO  o.eclipse.m2e.core.internal.Bundles - 	Entry: C:\Users\abc\.p2\pool\plugins\org.eclipse.m2e.maven.runtime_3.9.400.20230826-0755\jars\maven-settings-builder-3.9.4.jar
2023-11-17 10:24:35,503 [Worker-20: Launching mavenrun-445b69a0-210d-4b5e-bb5a-04dfb4cb2d2c] INFO  o.eclipse.m2e.core.internal.Bundles - 	Entry: C:\Users\abc\.p2\pool\plugins\org.eclipse.m2e.maven.runtime_3.9.400.20230826-0755\jars\maven-shared-utils-3.3.4.jar
2023-11-17 10:24:35,504 [Worker-20: Launching mavenrun-445b69a0-210d-4b5e-bb5a-04dfb4cb2d2c] INFO  o.eclipse.m2e.core.internal.Bundles - 	Entry: C:\Users\abc\.p2\pool\plugins\org.eclipse.m2e.maven.runtime_3.9.400.20230826-0755\jars\okhttp-3.14.1.jar
2023-11-17 10:24:35,507 [Worker-20: Launching mavenrun-445b69a0-210d-4b5e-bb5a-04dfb4cb2d2c] INFO  o.eclipse.m2e.core.internal.Bundles - 	Entry: C:\Users\abc\.p2\pool\plugins\org.eclipse.m2e.maven.runtime_3.9.400.20230826-0755\jars\okio-1.17.3.jar
2023-11-17 10:24:35,507 [Worker-20: Launching mavenrun-445b69a0-210d-4b5e-bb5a-04dfb4cb2d2c] INFO  o.eclipse.m2e.core.internal.Bundles - 	Entry: C:\Users\abc\.p2\pool\plugins\org.eclipse.m2e.maven.runtime_3.9.400.20230826-0755\jars\org.eclipse.sisu.inject-0.3.5.jar
2023-11-17 10:24:35,507 [Worker-20: Launching mavenrun-445b69a0-210d-4b5e-bb5a-04dfb4cb2d2c] INFO  o.eclipse.m2e.core.internal.Bundles - 	Entry: C:\Users\abc\.p2\pool\plugins\org.eclipse.m2e.maven.runtime_3.9.400.20230826-0755\jars\org.eclipse.sisu.plexus-0.3.5.jar
2023-11-17 10:24:35,508 [Worker-20: Launching mavenrun-445b69a0-210d-4b5e-bb5a-04dfb4cb2d2c] INFO  o.eclipse.m2e.core.internal.Bundles - 	Entry: C:\Users\abc\.p2\pool\plugins\org.eclipse.m2e.maven.runtime_3.9.400.20230826-0755\jars\plexus-build-api-0.0.7.jar
2023-11-17 10:24:35,508 [Worker-20: Launching mavenrun-445b69a0-210d-4b5e-bb5a-04dfb4cb2d2c] INFO  o.eclipse.m2e.core.internal.Bundles - 	Entry: C:\Users\abc\.p2\pool\plugins\org.eclipse.m2e.maven.runtime_3.9.400.20230826-0755\jars\plexus-cipher-2.0.jar
2023-11-17 10:24:35,509 [Worker-20: Launching mavenrun-445b69a0-210d-4b5e-bb5a-04dfb4cb2d2c] INFO  o.eclipse.m2e.core.internal.Bundles - 	Entry: C:\Users\abc\.p2\pool\plugins\org.eclipse.m2e.maven.runtime_3.9.400.20230826-0755\jars\plexus-classworlds-2.7.0.jar
2023-11-17 10:24:35,510 [Worker-20: Launching mavenrun-445b69a0-210d-4b5e-bb5a-04dfb4cb2d2c] INFO  o.eclipse.m2e.core.internal.Bundles - 	Entry: C:\Users\abc\.p2\pool\plugins\org.eclipse.m2e.maven.runtime_3.9.400.20230826-0755\jars\plexus-component-annotations-2.1.0.jar
2023-11-17 10:24:35,510 [Worker-20: Launching mavenrun-445b69a0-210d-4b5e-bb5a-04dfb4cb2d2c] INFO  o.eclipse.m2e.core.internal.Bundles - 	Entry: C:\Users\abc\.p2\pool\plugins\org.eclipse.m2e.maven.runtime_3.9.400.20230826-0755\jars\plexus-interpolation-1.26.jar
2023-11-17 10:24:35,511 [Worker-20: Launching mavenrun-445b69a0-210d-4b5e-bb5a-04dfb4cb2d2c] INFO  o.eclipse.m2e.core.internal.Bundles - 	Entry: C:\Users\abc\.p2\pool\plugins\org.eclipse.m2e.maven.runtime_3.9.400.20230826-0755\jars\plexus-sec-dispatcher-2.0.jar
2023-11-17 10:24:35,511 [Worker-20: Launching mavenrun-445b69a0-210d-4b5e-bb5a-04dfb4cb2d2c] INFO  o.eclipse.m2e.core.internal.Bundles - 	Entry: C:\Users\abc\.p2\pool\plugins\org.eclipse.m2e.maven.runtime_3.9.400.20230826-0755\jars\plexus-utils-3.5.1.jar
2023-11-17 10:24:35,511 [Worker-20: Launching mavenrun-445b69a0-210d-4b5e-bb5a-04dfb4cb2d2c] INFO  o.eclipse.m2e.core.internal.Bundles - 	Entry: C:\Users\abc\.p2\pool\plugins\org.eclipse.m2e.maven.runtime_3.9.400.20230826-0755\jars\wagon-file-3.5.3.jar
2023-11-17 10:24:35,512 [Worker-20: Launching mavenrun-445b69a0-210d-4b5e-bb5a-04dfb4cb2d2c] INFO  o.eclipse.m2e.core.internal.Bundles - 	Entry: C:\Users\abc\.p2\pool\plugins\org.eclipse.m2e.maven.runtime_3.9.400.20230826-0755\jars\wagon-provider-api-3.5.3.jar
2023-11-17 10:24:35,514 [Worker-20: Launching mavenrun-445b69a0-210d-4b5e-bb5a-04dfb4cb2d2c] INFO  o.eclipse.m2e.core.internal.Bundles - getClasspathEntries(Bundle=com.google.guava_32.1.2.jre [12])
2023-11-17 10:24:35,515 [Worker-20: Launching mavenrun-445b69a0-210d-4b5e-bb5a-04dfb4cb2d2c] INFO  o.eclipse.m2e.core.internal.Bundles - 	Entry: C:\Users\abc\.p2\pool\plugins\com.google.guava_32.1.2.jre.jar
2023-11-17 10:24:35,515 [Worker-20: Launching mavenrun-445b69a0-210d-4b5e-bb5a-04dfb4cb2d2c] INFO  o.eclipse.m2e.core.internal.Bundles - getClasspathEntries(Bundle=slf4j.api_2.0.7 [982])
2023-11-17 10:24:35,516 [Worker-20: Launching mavenrun-445b69a0-210d-4b5e-bb5a-04dfb4cb2d2c] INFO  o.eclipse.m2e.core.internal.Bundles - 	Entry: C:\Users\abc\.p2\pool\plugins\slf4j.api_2.0.7.jar
2023-11-17 10:24:35,516 [Worker-20: Launching mavenrun-445b69a0-210d-4b5e-bb5a-04dfb4cb2d2c] INFO  o.eclipse.m2e.core.internal.Bundles - getClasspathEntries(Bundle=javax.inject_1.0.0.v20220405-0441 [38])
2023-11-17 10:24:35,518 [Worker-20: Launching mavenrun-445b69a0-210d-4b5e-bb5a-04dfb4cb2d2c] INFO  o.eclipse.m2e.core.internal.Bundles - 	Entry: C:\Users\abc\.p2\pool\plugins\javax.inject_1.0.0.v20220405-0441.jar
2023-11-17 10:24:35,518 [Worker-20: Launching mavenrun-445b69a0-210d-4b5e-bb5a-04dfb4cb2d2c] INFO  o.eclipse.m2e.core.internal.Bundles - getClasspathEntries(Bundle=javax.annotation_1.3.5.v20200909-1856 [36])
2023-11-17 10:24:35,519 [Worker-20: Launching mavenrun-445b69a0-210d-4b5e-bb5a-04dfb4cb2d2c] INFO  o.eclipse.m2e.core.internal.Bundles - 	Entry: C:\Users\abc\.p2\pool\plugins\javax.annotation_1.3.5.v20200909-1856.jar
2023-11-17 10:24:35,519 [Worker-20: Launching mavenrun-445b69a0-210d-4b5e-bb5a-04dfb4cb2d2c] INFO  o.eclipse.m2e.core.internal.Bundles - getClasspathEntries(Bundle=org.apache.commons.cli_1.5.0 [73])
2023-11-17 10:24:35,519 [Worker-20: Launching mavenrun-445b69a0-210d-4b5e-bb5a-04dfb4cb2d2c] INFO  o.eclipse.m2e.core.internal.Bundles - 	Entry: C:\Users\abc\.p2\pool\plugins\org.apache.commons.cli_1.5.0.jar
2023-11-17 10:24:35,519 [Worker-20: Launching mavenrun-445b69a0-210d-4b5e-bb5a-04dfb4cb2d2c] INFO  o.eclipse.m2e.core.internal.Bundles - getClasspathEntries(Bundle=com.google.guava.failureaccess_1.0.1 [14])
2023-11-17 10:24:35,519 [Worker-20: Launching mavenrun-445b69a0-210d-4b5e-bb5a-04dfb4cb2d2c] INFO  o.eclipse.m2e.core.internal.Bundles - 	Entry: C:\Users\abc\.p2\pool\plugins\com.google.guava.failureaccess_1.0.1.jar
2023-11-17 10:24:35,814 [Worker-20: Launching mavenrun-445b69a0-210d-4b5e-bb5a-04dfb4cb2d2c] INFO  o.e.m.i.launch.MavenLaunchDelegate - Run build in "C:\Users\abc\AppData\Local\Temp\m2e-archetypeGenerator15508686455038956020":
2023-11-17 10:24:35,820 [Worker-20: Launching mavenrun-445b69a0-210d-4b5e-bb5a-04dfb4cb2d2c] INFO  o.e.m.i.launch.MavenLaunchDelegate -  mvn  -Dname=Employee -Ddescription=null -Dshaded=true -DarchetypeGroupId=io.dropwizard.archetypes -DarchetypeArtifactId=java-simple -DarchetypeVersion=4.0.4 -DgroupId=com.example -DartifactId=dummyProject -Dversion=0.0.1-SNAPSHOT -Dpackage=com.example.dummyProject -DoutputDirectory=D:\SentientGeeks_Projects -Dstyle.color=always -U archetype:generate
2023-11-17 10:24:56,412 [Worker-21: Creating java-simple] INFO  o.e.m.c.i.p.ProjectConfigurationManager - Collecting project info '/pom.xml' D:\SentientGeeks_Projects\dummyProject\pom.xml
2023-11-17 10:24:56,608 [Worker-21: Creating java-simple] INFO  o.e.m.c.i.l.LifecycleMappingFactory - Using org.eclipse.m2e.jdt.JarLifecycleMapping lifecycle mapping for MavenProject: com.example:dummyProject:0.0.1-SNAPSHOT @ D:\SentientGeeks_Projects\dummyProject\pom.xml.
2023-11-17 10:24:58,257 [Worker-21: Creating java-simple] INFO  o.e.m.j.i.AbstractJavaProjectConfigurator - Adding source folder /dummyProject/src/main/java
2023-11-17 10:24:58,258 [Worker-21: Creating java-simple] INFO  o.e.m.j.i.AbstractJavaProjectConfigurator - Adding resource folder /dummyProject/src/main/resources
2023-11-17 10:24:58,287 [Worker-21: Creating java-simple] INFO  o.e.m.j.i.AbstractJavaProjectConfigurator - Adding source folder /dummyProject/src/test/java
2023-11-17 10:24:58,288 [Worker-21: Creating java-simple] INFO  o.e.m.j.i.AbstractJavaProjectConfigurator - Adding resource folder /dummyProject/src/test/resources
2023-11-17 10:24:58,700 [Worker-21: Creating java-simple] INFO  o.e.m.c.i.p.ProjectConfigurationManager - Imported and configured 1 project(s) in 2 sec
2023-11-17 10:24:59,100 [Worker-24: Building] INFO  o.a.m.s.f.DefaultMavenResourcesFiltering - Copying 1 resource from src\main\resources to target\classes
2023-11-17 10:24:59,105 [Worker-24: Building] INFO  o.a.m.s.f.DefaultMavenResourcesFiltering - Copying 0 resource from src\test\resources to target\test-classes
2023-11-17 10:27:09,145 [Worker-21: Building] INFO  o.e.m.c.i.l.LifecycleMappingFactory - Using org.eclipse.m2e.jdt.JarLifecycleMapping lifecycle mapping for MavenProject: com.example:dummyProject:0.0.1-SNAPSHOT @ D:\SentientGeeks_Projects\dummyProject\pom.xml.
2023-11-17 10:27:10,310 [Worker-21: Building] INFO  o.a.m.s.f.DefaultMavenResourcesFiltering - Copying 0 resource from src\main\resources to target\classes
2023-11-17 10:27:10,319 [Worker-21: Building] INFO  o.a.m.s.f.DefaultMavenResourcesFiltering - Copying 0 resource from src\test\resources to target\test-classes
2023-11-17 10:27:19,085 [Worker-22: Updating Maven Project] INFO  o.e.m.c.i.p.ProjectConfigurationManager - Update started
2023-11-17 10:27:19,444 [Worker-22: Updating Maven Project] INFO  o.e.m.c.i.l.LifecycleMappingFactory - Using org.eclipse.m2e.jdt.JarLifecycleMapping lifecycle mapping for MavenProject: com.example:dummyProject:0.0.1-SNAPSHOT @ D:\SentientGeeks_Projects\dummyProject\pom.xml.
2023-11-17 10:27:20,088 [Worker-22: Updating Maven Project] INFO  o.e.m.c.i.l.LifecycleMappingFactory - Using org.eclipse.m2e.jdt.JarLifecycleMapping lifecycle mapping for MavenProject: sample.demo:FirstProject:0.0.1-SNAPSHOT @ D:\SentientGeeks_Projects\FirstProject\pom.xml.
2023-11-17 10:27:20,844 [Worker-22: Updating Maven Project] INFO  o.e.m.j.i.AbstractJavaProjectConfigurator - Adding source folder /dummyProject/src/main/java
2023-11-17 10:27:20,844 [Worker-22: Updating Maven Project] INFO  o.e.m.j.i.AbstractJavaProjectConfigurator - Adding resource folder /dummyProject/src/main/resources
2023-11-17 10:27:20,845 [Worker-22: Updating Maven Project] INFO  o.e.m.j.i.AbstractJavaProjectConfigurator - Adding source folder /dummyProject/src/test/java
2023-11-17 10:27:20,845 [Worker-22: Updating Maven Project] INFO  o.e.m.j.i.AbstractJavaProjectConfigurator - Adding resource folder /dummyProject/src/test/resources
2023-11-17 10:27:21,319 [Worker-22: Updating Maven Project] INFO  o.e.m.c.i.p.ProjectConfigurationManager - Update completed for 1 poms: local refresh takes 0.00 sec, refresh facades takes 1.00 sec, update config takes 0.00 sec 
2023-11-17 10:27:21,704 [Worker-21: Building] INFO  o.a.m.s.f.DefaultMavenResourcesFiltering - Copying 1 resource from src\main\resources to target\classes
2023-11-17 10:27:21,712 [Worker-21: Building] INFO  o.a.m.s.f.DefaultMavenResourcesFiltering - Copying 0 resource from src\test\resources to target\test-classes
2023-11-17 10:27:50,624 [Worker-24: Updating Maven Project] INFO  o.e.m.c.i.p.ProjectConfigurationManager - Update started
2023-11-17 10:27:50,949 [Worker-24: Updating Maven Project] INFO  o.e.m.c.i.l.LifecycleMappingFactory - Using org.eclipse.m2e.jdt.JarLifecycleMapping lifecycle mapping for MavenProject: com.example:dummyProject:0.0.1-SNAPSHOT @ D:\SentientGeeks_Projects\dummyProject\pom.xml.
2023-11-17 10:27:51,598 [Worker-24: Updating Maven Project] INFO  o.e.m.c.i.l.LifecycleMappingFactory - Using org.eclipse.m2e.jdt.JarLifecycleMapping lifecycle mapping for MavenProject: sample.demo:FirstProject:0.0.1-SNAPSHOT @ D:\SentientGeeks_Projects\FirstProject\pom.xml.
2023-11-17 10:27:52,407 [Worker-24: Updating Maven Project] INFO  o.e.m.j.i.AbstractJavaProjectConfigurator - Adding source folder /dummyProject/src/main/java
2023-11-17 10:27:52,407 [Worker-24: Updating Maven Project] INFO  o.e.m.j.i.AbstractJavaProjectConfigurator - Adding resource folder /dummyProject/src/main/resources
2023-11-17 10:27:52,408 [Worker-24: Updating Maven Project] INFO  o.e.m.j.i.AbstractJavaProjectConfigurator - Adding source folder /dummyProject/src/test/java
2023-11-17 10:27:52,409 [Worker-24: Updating Maven Project] INFO  o.e.m.j.i.AbstractJavaProjectConfigurator - Adding resource folder /dummyProject/src/test/resources
2023-11-17 10:27:52,840 [Worker-24: Updating Maven Project] INFO  o.e.m.c.i.p.ProjectConfigurationManager - Update completed for 1 poms: local refresh takes 0.00 sec, refresh facades takes 1.00 sec, update config takes 0.00 sec 
2023-11-17 10:27:53,159 [Worker-21: Building] INFO  o.a.m.s.f.DefaultMavenResourcesFiltering - Copying 1 resource from src\main\resources to target\classes
2023-11-17 10:27:53,168 [Worker-21: Building] INFO  o.a.m.s.f.DefaultMavenResourcesFiltering - Copying 0 resource from src\test\resources to target\test-classes
2023-11-17 10:30:50,469 [Worker-20: Updating Maven Project] INFO  o.e.m.c.i.p.ProjectConfigurationManager - Update started
2023-11-17 10:30:50,767 [Worker-20: Updating Maven Project] INFO  o.e.m.c.i.l.LifecycleMappingFactory - Using org.eclipse.m2e.jdt.JarLifecycleMapping lifecycle mapping for MavenProject: com.example:dummyProject:0.0.1-SNAPSHOT @ D:\SentientGeeks_Projects\dummyProject\pom.xml.
2023-11-17 10:30:51,436 [Worker-20: Updating Maven Project] INFO  o.e.m.c.i.l.LifecycleMappingFactory - Using org.eclipse.m2e.jdt.JarLifecycleMapping lifecycle mapping for MavenProject: sample.demo:FirstProject:0.0.1-SNAPSHOT @ D:\SentientGeeks_Projects\FirstProject\pom.xml.
2023-11-17 10:30:52,276 [Worker-20: Updating Maven Project] INFO  o.e.m.j.i.AbstractJavaProjectConfigurator - Adding source folder /dummyProject/src/main/java
2023-11-17 10:30:52,276 [Worker-20: Updating Maven Project] INFO  o.e.m.j.i.AbstractJavaProjectConfigurator - Adding resource folder /dummyProject/src/main/resources
2023-11-17 10:30:52,277 [Worker-20: Updating Maven Project] INFO  o.e.m.j.i.AbstractJavaProjectConfigurator - Adding source folder /dummyProject/src/test/java
2023-11-17 10:30:52,277 [Worker-20: Updating Maven Project] INFO  o.e.m.j.i.AbstractJavaProjectConfigurator - Adding resource folder /dummyProject/src/test/resources
2023-11-17 10:30:52,658 [Worker-20: Updating Maven Project] INFO  o.e.m.c.i.p.ProjectConfigurationManager - Update completed for 1 poms: local refresh takes 0.00 sec, refresh facades takes 1.00 sec, update config takes 0.00 sec 
2023-11-17 10:30:52,962 [Worker-22: Building] INFO  o.a.m.s.f.DefaultMavenResourcesFiltering - Copying 1 resource from src\main\resources to target\classes
2023-11-17 10:30:52,974 [Worker-22: Building] INFO  o.a.m.s.f.DefaultMavenResourcesFiltering - Copying 0 resource from src\test\resources to target\test-classes
2023-11-17 10:37:17,846 [Worker-0: Loading available Gradle versions] INFO  o.e.b.c.i.u.g.PublishedGradleVersions - Gradle version information cache is up-to-date. Trying to read.
2023-11-17 10:58:15,520 [Worker-6: Building] INFO  o.a.m.s.f.DefaultMavenResourcesFiltering - Copying 1 resource from src\main\resources to target\classes
2023-11-17 10:58:15,536 [Worker-6: Building] INFO  o.a.m.s.f.DefaultMavenResourcesFiltering - Copying 0 resource from src\test\resources to target\test-classes
2023-11-17 11:04:57,269 [Worker-6: Building] INFO  o.a.m.s.f.DefaultMavenResourcesFiltering - Copying 1 resource from src\main\resources to target\classes
2023-11-17 11:04:57,275 [Worker-6: Building] INFO  o.a.m.s.f.DefaultMavenResourcesFiltering - Copying 0 resource from src\test\resources to target\test-classes
2023-11-17 12:00:56,200 [Worker-35: Updating Maven Project] INFO  o.e.m.c.i.p.ProjectConfigurationManager - Update started
2023-11-17 12:00:56,724 [Worker-35: Updating Maven Project] INFO  o.e.m.c.i.l.LifecycleMappingFactory - Using org.eclipse.m2e.jdt.JarLifecycleMapping lifecycle mapping for MavenProject: com.example:dummyProject:0.0.1-SNAPSHOT @ D:\SentientGeeks_Projects\dummyProject\pom.xml.
2023-11-17 12:00:58,068 [Worker-35: Updating Maven Project] INFO  o.e.m.j.i.AbstractJavaProjectConfigurator - Adding source folder /dummyProject/src/main/java
2023-11-17 12:00:58,069 [Worker-35: Updating Maven Project] INFO  o.e.m.j.i.AbstractJavaProjectConfigurator - Adding resource folder /dummyProject/src/main/resources
2023-11-17 12:00:58,070 [Worker-35: Updating Maven Project] INFO  o.e.m.j.i.AbstractJavaProjectConfigurator - Adding source folder /dummyProject/src/test/java
2023-11-17 12:00:58,071 [Worker-35: Updating Maven Project] INFO  o.e.m.j.i.AbstractJavaProjectConfigurator - Adding resource folder /dummyProject/src/test/resources
2023-11-17 12:00:58,619 [Worker-35: Updating Maven Project] INFO  o.e.m.c.i.p.ProjectConfigurationManager - Update completed for 1 poms: local refresh takes 0.00 sec, refresh facades takes 1.00 sec, update config takes 0.00 sec 
2023-11-17 12:00:58,881 [Worker-37: Building] INFO  o.a.m.s.f.DefaultMavenResourcesFiltering - Copying 1 resource from src\main\resources to target\classes
2023-11-17 12:00:58,895 [Worker-37: Building] INFO  o.a.m.s.f.DefaultMavenResourcesFiltering - Copying 0 resource from src\test\resources to target\test-classes
2023-11-17 12:03:26,381 [Worker-1: Loading available Gradle versions] INFO  o.e.b.c.i.u.g.PublishedGradleVersions - Gradle version information cache is up-to-date. Trying to read.
2023-11-17 12:04:33,966 [Worker-7: Building] INFO  o.a.m.s.f.DefaultMavenResourcesFiltering - Copying 1 resource from src\main\resources to target\classes
2023-11-17 12:04:33,978 [Worker-7: Building] INFO  o.a.m.s.f.DefaultMavenResourcesFiltering - Copying 0 resource from src\test\resources to target\test-classes
2023-11-17 12:05:05,280 [Worker-6: Building] INFO  o.a.m.s.f.DefaultMavenResourcesFiltering - Copying 1 resource from src\main\resources to target\classes
2023-11-17 12:05:05,286 [Worker-6: Building] INFO  o.a.m.s.f.DefaultMavenResourcesFiltering - Copying 0 resource from src\test\resources to target\test-classes
2023-11-17 12:05:49,040 [Worker-8: Building] INFO  o.a.m.s.f.DefaultMavenResourcesFiltering - Copying 1 resource from src\main\resources to target\classes
2023-11-17 12:05:49,044 [Worker-8: Building] INFO  o.a.m.s.f.DefaultMavenResourcesFiltering - Copying 0 resource from src\test\resources to target\test-classes
2023-11-17 12:06:50,474 [Worker-9: Building] INFO  o.a.m.s.f.DefaultMavenResourcesFiltering - Copying 1 resource from src\main\resources to target\classes
2023-11-17 12:06:50,478 [Worker-9: Building] INFO  o.a.m.s.f.DefaultMavenResourcesFiltering - Copying 0 resource from src\test\resources to target\test-classes
2023-11-17 12:08:24,173 [Worker-6: Building] INFO  o.a.m.s.f.DefaultMavenResourcesFiltering - Copying 1 resource from src\main\resources to target\classes
2023-11-17 12:08:24,176 [Worker-6: Building] INFO  o.a.m.s.f.DefaultMavenResourcesFiltering - Copying 0 resource from src\test\resources to target\test-classes
2023-11-17 12:08:51,953 [Worker-9: Building] INFO  o.a.m.s.f.DefaultMavenResourcesFiltering - Copying 1 resource from src\main\resources to target\classes
2023-11-17 12:08:51,957 [Worker-9: Building] INFO  o.a.m.s.f.DefaultMavenResourcesFiltering - Copying 0 resource from src\test\resources to target\test-classes
2023-11-17 12:09:24,904 [Worker-12: Building] INFO  o.a.m.s.f.DefaultMavenResourcesFiltering - Copying 1 resource from src\main\resources to target\classes
2023-11-17 12:09:24,908 [Worker-12: Building] INFO  o.a.m.s.f.DefaultMavenResourcesFiltering - Copying 0 resource from src\test\resources to target\test-classes
2023-11-17 15:01:17,248 [Worker-4: Loading available Gradle versions] INFO  o.e.b.c.i.u.g.PublishedGradleVersions - Gradle version information cache is out-of-date. Trying to update.
2023-11-17 15:01:51,527 [Worker-3: Launching EmployeeApplication] INFO  o.a.m.s.f.DefaultMavenResourcesFiltering - Copying 1 resource from src\main\resources to target\classes
2023-11-17 15:01:51,543 [Worker-3: Launching EmployeeApplication] INFO  o.a.m.s.f.DefaultMavenResourcesFiltering - Copying 0 resource from src\test\resources to target\test-classes
2023-11-17 17:05:26,243 [Worker-22: Building] INFO  o.a.m.s.f.DefaultMavenResourcesFiltering - Copying 1 resource from src\main\resources to target\classes
2023-11-17 17:05:26,250 [Worker-22: Building] INFO  o.a.m.s.f.DefaultMavenResourcesFiltering - Copying 0 resource from src\test\resources to target\test-classes
2023-11-17 17:11:58,437 [Worker-24: Building] INFO  o.a.m.s.f.DefaultMavenResourcesFiltering - Copying 1 resource from src\main\resources to target\classes
2023-11-17 17:11:58,442 [Worker-24: Building] INFO  o.a.m.s.f.DefaultMavenResourcesFiltering - Copying 0 resource from src\test\resources to target\test-classes
2023-11-17 17:12:24,840 [Worker-25: Building] INFO  o.a.m.s.f.DefaultMavenResourcesFiltering - Copying 1 resource from src\main\resources to target\classes
2023-11-17 17:12:24,845 [Worker-25: Building] INFO  o.a.m.s.f.DefaultMavenResourcesFiltering - Copying 0 resource from src\test\resources to target\test-classes
2023-11-17 17:12:31,532 [Worker-24: Building] INFO  o.a.m.s.f.DefaultMavenResourcesFiltering - Copying 1 resource from src\main\resources to target\classes
2023-11-17 17:12:31,537 [Worker-24: Building] INFO  o.a.m.s.f.DefaultMavenResourcesFiltering - Copying 0 resource from src\test\resources to target\test-classes
2023-11-17 18:51:03,996 [Worker-32: Building] INFO  o.a.m.s.f.DefaultMavenResourcesFiltering - Copying 1 resource from src\main\resources to target\classes
2023-11-17 18:51:04,000 [Worker-32: Building] INFO  o.a.m.s.f.DefaultMavenResourcesFiltering - Copying 0 resource from src\test\resources to target\test-classes
2023-11-17 18:51:26,996 [Worker-33: Building] INFO  o.a.m.s.f.DefaultMavenResourcesFiltering - Copying 1 resource from src\main\resources to target\classes
2023-11-17 18:51:27,001 [Worker-33: Building] INFO  o.a.m.s.f.DefaultMavenResourcesFiltering - Copying 0 resource from src\test\resources to target\test-classes
2023-11-17 18:51:38,381 [Worker-0: Building] INFO  o.a.m.s.f.DefaultMavenResourcesFiltering - Copying 1 resource from src\main\resources to target\classes
2023-11-17 18:51:38,387 [Worker-0: Building] INFO  o.a.m.s.f.DefaultMavenResourcesFiltering - Copying 0 resource from src\test\resources to target\test-classes
2023-11-17 18:52:22,392 [Worker-33: Building] INFO  o.a.m.s.f.DefaultMavenResourcesFiltering - Copying 1 resource from src\main\resources to target\classes
2023-11-17 18:52:22,396 [Worker-33: Building] INFO  o.a.m.s.f.DefaultMavenResourcesFiltering - Copying 0 resource from src\test\resources to target\test-classes
2023-11-20 09:06:33,996 [Worker-1: Loading available Gradle versions] INFO  o.e.b.c.i.u.g.PublishedGradleVersions - Gradle version information cache is out-of-date. Trying to update.
2023-11-21 10:30:43,431 [Worker-3: Loading available Gradle versions] INFO  o.e.b.c.i.u.g.PublishedGradleVersions - Gradle version information cache is out-of-date. Trying to update.
2023-11-28 10:10:22,579 [Worker-1: Loading available Gradle versions] INFO  o.e.b.c.i.u.g.PublishedGradleVersions - Gradle version information cache is out-of-date. Trying to update.
2023-11-28 10:13:48,841 [Worker-3: Updating Maven Project] INFO  o.e.m.c.i.p.ProjectConfigurationManager - Update started
2023-11-28 10:13:52,315 [Worker-3: Updating Maven Project] INFO  o.e.m.c.i.l.LifecycleMappingFactory - Using org.eclipse.m2e.jdt.JarLifecycleMapping lifecycle mapping for MavenProject: com.example:dummyProject:0.0.1-SNAPSHOT @ D:\SentientGeeks_Projects\dummyProject\pom.xml.
2023-11-28 10:13:57,002 [Worker-3: Updating Maven Project] INFO  o.e.m.j.i.AbstractJavaProjectConfigurator - Adding source folder /dummyProject/src/main/java
2023-11-28 10:13:57,003 [Worker-3: Updating Maven Project] INFO  o.e.m.j.i.AbstractJavaProjectConfigurator - Adding resource folder /dummyProject/src/main/resources
2023-11-28 10:13:57,005 [Worker-3: Updating Maven Project] INFO  o.e.m.j.i.AbstractJavaProjectConfigurator - Adding source folder /dummyProject/src/test/java
2023-11-28 10:13:57,006 [Worker-3: Updating Maven Project] INFO  o.e.m.j.i.AbstractJavaProjectConfigurator - Adding resource folder /dummyProject/src/test/resources
2023-11-28 10:13:57,662 [Worker-3: Updating Maven Project] INFO  o.e.m.c.i.p.ProjectConfigurationManager - Update completed for 1 poms: local refresh takes 0.00 sec, refresh facades takes 7.00 sec, update config takes 0.00 sec 
2023-11-28 10:13:59,039 [Worker-2: Building] INFO  o.a.m.s.f.DefaultMavenResourcesFiltering - Copying 1 resource from src\main\resources to target\classes
2023-11-28 10:13:59,083 [Worker-2: Building] INFO  o.a.m.s.f.DefaultMavenResourcesFiltering - Copying 0 resource from src\test\resources to target\test-classes
2023-11-28 10:14:00,577 [Worker-10: Building] INFO  o.a.m.s.f.DefaultMavenResourcesFiltering - Copying 1 resource from src\main\resources to target\classes
2023-11-28 10:14:00,583 [Worker-10: Building] INFO  o.a.m.s.f.DefaultMavenResourcesFiltering - Copying 0 resource from src\test\resources to target\test-classes
2023-11-28 10:14:19,066 [Worker-11: Updating Maven Project] INFO  o.e.m.c.i.p.ProjectConfigurationManager - Update started
2023-11-28 10:14:19,455 [Worker-11: Updating Maven Project] INFO  o.e.m.c.i.l.LifecycleMappingFactory - Using org.eclipse.m2e.jdt.JarLifecycleMapping lifecycle mapping for MavenProject: com.example:dummyProject:0.0.1-SNAPSHOT @ D:\SentientGeeks_Projects\dummyProject\pom.xml.
2023-11-28 10:14:20,414 [Worker-11: Updating Maven Project] INFO  o.e.m.j.i.AbstractJavaProjectConfigurator - Adding source folder /dummyProject/src/main/java
2023-11-28 10:14:20,414 [Worker-11: Updating Maven Project] INFO  o.e.m.j.i.AbstractJavaProjectConfigurator - Adding resource folder /dummyProject/src/main/resources
2023-11-28 10:14:20,415 [Worker-11: Updating Maven Project] INFO  o.e.m.j.i.AbstractJavaProjectConfigurator - Adding source folder /dummyProject/src/test/java
2023-11-28 10:14:20,415 [Worker-11: Updating Maven Project] INFO  o.e.m.j.i.AbstractJavaProjectConfigurator - Adding resource folder /dummyProject/src/test/resources
2023-11-28 10:14:20,845 [Worker-11: Updating Maven Project] INFO  o.e.m.c.i.p.ProjectConfigurationManager - Update completed for 1 poms: local refresh takes 0.00 sec, refresh facades takes 1.00 sec, update config takes 0.00 sec 
2023-11-28 10:14:21,176 [Worker-11: Building] INFO  o.a.m.s.f.DefaultMavenResourcesFiltering - Copying 1 resource from src\main\resources to target\classes
2023-11-28 10:14:21,182 [Worker-11: Building] INFO  o.a.m.s.f.DefaultMavenResourcesFiltering - Copying 0 resource from src\test\resources to target\test-classes
2023-11-28 10:23:07,335 [Worker-14: Building] INFO  o.a.m.s.f.DefaultMavenResourcesFiltering - Copying 0 resource from src\main\resources to target\classes
2023-11-28 10:23:07,339 [Worker-14: Building] INFO  o.a.m.s.f.DefaultMavenResourcesFiltering - Copying 0 resource from src\test\resources to target\test-classes
2023-11-30 17:29:09,927 [Worker-1: Loading available Gradle versions] INFO  o.e.b.c.i.u.g.PublishedGradleVersions - Gradle version information cache is out-of-date. Trying to update.
2023-12-02 09:40:06,430 [Worker-2: Loading available Gradle versions] INFO  o.e.b.c.i.u.g.PublishedGradleVersions - Gradle version information cache is out-of-date. Trying to update.
2023-12-02 09:43:26,609 [Worker-0: Loading available Gradle versions] INFO  o.e.b.c.i.u.g.PublishedGradleVersions - Gradle version information cache is up-to-date. Trying to read.
2023-12-02 10:05:52,579 [Worker-0: Loading available Gradle versions] INFO  o.e.b.c.i.u.g.PublishedGradleVersions - Gradle version information cache is up-to-date. Trying to read.
2023-12-02 10:07:13,871 [Worker-10: Launching DemoApplication] INFO  o.a.m.s.f.DefaultMavenResourcesFiltering - Copying 1 resource from src\main\resources to target\classes
2023-12-02 10:07:13,889 [Worker-10: Launching DemoApplication] INFO  o.a.m.s.f.DefaultMavenResourcesFiltering - Copying 0 resource from src\test\resources to target\test-classes
2023-12-02 10:07:17,178 [Worker-12: Building] INFO  o.a.m.s.f.DefaultMavenResourcesFiltering - Copying 1 resource from src\main\resources to target\classes
2023-12-02 10:07:17,203 [Worker-12: Building] INFO  o.a.m.s.f.DefaultMavenResourcesFiltering - Copying 0 resource from src\test\resources to target\test-classes
2023-12-02 10:08:27,206 [Worker-6: Updating Maven Project] INFO  o.e.m.c.i.p.ProjectConfigurationManager - Update started
2023-12-02 10:08:29,160 [Worker-6: Updating Maven Project] INFO  o.e.m.c.i.l.LifecycleMappingFactory - Using org.eclipse.m2e.jdt.JarLifecycleMapping lifecycle mapping for MavenProject: sample.demo:FirstProject:0.0.1-SNAPSHOT @ D:\SentientGeeks_Projects\FirstProject\pom.xml.
2023-12-02 10:08:30,244 [Worker-6: Updating Maven Project] INFO  o.e.m.j.i.AbstractJavaProjectConfigurator - Adding source folder /FirstProject/src/main/java
2023-12-02 10:08:30,244 [Worker-6: Updating Maven Project] INFO  o.e.m.j.i.AbstractJavaProjectConfigurator - Adding resource folder /FirstProject/src/main/resources
2023-12-02 10:08:30,247 [Worker-6: Updating Maven Project] INFO  o.e.m.j.i.AbstractJavaProjectConfigurator - Adding source folder /FirstProject/src/test/java
2023-12-02 10:08:30,248 [Worker-6: Updating Maven Project] INFO  o.e.m.j.i.AbstractJavaProjectConfigurator - Adding resource folder /FirstProject/src/test/resources
2023-12-02 10:08:30,703 [Worker-6: Updating Maven Project] INFO  o.e.m.c.i.p.ProjectConfigurationManager - Update completed for 1 poms: local refresh takes 0.00 sec, refresh facades takes 2.00 sec, update config takes 0.00 sec 
2023-12-02 10:08:30,882 [Worker-11: Building] INFO  o.a.m.s.f.DefaultMavenResourcesFiltering - Copying 1 resource from src\main\resources to target\classes
2023-12-02 10:08:30,886 [Worker-11: Building] INFO  o.a.m.s.f.DefaultMavenResourcesFiltering - Copying 0 resource from src\test\resources to target\test-classes
2023-12-02 10:09:15,954 [Worker-0: Updating Maven Project] INFO  o.e.m.c.i.p.ProjectConfigurationManager - Update started
2023-12-02 10:09:16,395 [Worker-0: Updating Maven Project] INFO  o.e.m.c.i.l.LifecycleMappingFactory - Using org.eclipse.m2e.jdt.JarLifecycleMapping lifecycle mapping for MavenProject: sample.demo:FirstProject:0.0.1-SNAPSHOT @ D:\SentientGeeks_Projects\FirstProject\pom.xml.
2023-12-02 10:09:17,163 [Worker-0: Updating Maven Project] INFO  o.e.m.c.i.l.LifecycleMappingFactory - Using org.eclipse.m2e.jdt.JarLifecycleMapping lifecycle mapping for MavenProject: com.example:dummyProject:0.0.1-SNAPSHOT @ D:\SentientGeeks_Projects\dummyProject\pom.xml.
2023-12-02 10:09:18,066 [Worker-0: Updating Maven Project] INFO  o.e.m.j.i.AbstractJavaProjectConfigurator - Adding source folder /FirstProject/src/main/java
2023-12-02 10:09:18,067 [Worker-0: Updating Maven Project] INFO  o.e.m.j.i.AbstractJavaProjectConfigurator - Adding resource folder /FirstProject/src/main/resources
2023-12-02 10:09:18,070 [Worker-0: Updating Maven Project] INFO  o.e.m.j.i.AbstractJavaProjectConfigurator - Adding source folder /FirstProject/src/test/java
2023-12-02 10:09:18,070 [Worker-0: Updating Maven Project] INFO  o.e.m.j.i.AbstractJavaProjectConfigurator - Adding resource folder /FirstProject/src/test/resources
2023-12-02 10:09:18,423 [Worker-0: Updating Maven Project] INFO  o.e.m.c.i.p.ProjectConfigurationManager - Update completed for 1 poms: local refresh takes 0.00 sec, refresh facades takes 1.00 sec, update config takes 0.00 sec 
2023-12-02 10:09:18,434 [Worker-0: Updating Maven Project] INFO  o.e.m.c.i.p.ProjectConfigurationManager - Update started
2023-12-02 10:09:18,661 [Worker-0: Updating Maven Project] INFO  o.e.m.c.i.l.LifecycleMappingFactory - Using org.eclipse.m2e.jdt.JarLifecycleMapping lifecycle mapping for MavenProject: com.example:dummyProject:0.0.1-SNAPSHOT @ D:\SentientGeeks_Projects\dummyProject\pom.xml.
2023-12-02 10:09:19,676 [Worker-0: Updating Maven Project] INFO  o.e.m.j.i.AbstractJavaProjectConfigurator - Adding source folder /dummyProject/src/main/java
2023-12-02 10:09:19,677 [Worker-0: Updating Maven Project] INFO  o.e.m.j.i.AbstractJavaProjectConfigurator - Adding resource folder /dummyProject/src/main/resources
2023-12-02 10:09:19,677 [Worker-0: Updating Maven Project] INFO  o.e.m.j.i.AbstractJavaProjectConfigurator - Adding source folder /dummyProject/src/test/java
2023-12-02 10:09:19,677 [Worker-0: Updating Maven Project] INFO  o.e.m.j.i.AbstractJavaProjectConfigurator - Adding resource folder /dummyProject/src/test/resources
2023-12-02 10:09:20,131 [Worker-0: Updating Maven Project] INFO  o.e.m.c.i.p.ProjectConfigurationManager - Update completed for 1 poms: local refresh takes 0.00 sec, refresh facades takes 1.00 sec, update config takes 0.00 sec 
2023-12-02 10:09:20,388 [Worker-7: Building] INFO  o.a.m.s.f.DefaultMavenResourcesFiltering - Copying 1 resource from src\main\resources to target\classes
2023-12-02 10:09:20,398 [Worker-7: Building] INFO  o.a.m.s.f.DefaultMavenResourcesFiltering - Copying 0 resource from src\test\resources to target\test-classes
2023-12-02 10:09:20,937 [Worker-7: Building] INFO  o.a.m.s.f.DefaultMavenResourcesFiltering - Copying 1 resource from src\main\resources to target\classes
2023-12-02 10:09:20,942 [Worker-7: Building] INFO  o.a.m.s.f.DefaultMavenResourcesFiltering - Copying 0 resource from src\test\resources to target\test-classes
2023-12-02 10:09:59,521 [Worker-7: Updating Maven Project] INFO  o.e.m.c.i.p.ProjectConfigurationManager - Update started
2023-12-02 10:09:59,716 [Worker-7: Updating Maven Project] INFO  o.e.m.c.i.l.LifecycleMappingFactory - Using org.eclipse.m2e.jdt.JarLifecycleMapping lifecycle mapping for MavenProject: sample.demo:FirstProject:0.0.1-SNAPSHOT @ D:\SentientGeeks_Projects\FirstProject\pom.xml.
2023-12-02 10:10:00,663 [Worker-7: Updating Maven Project] INFO  o.e.m.j.i.AbstractJavaProjectConfigurator - Adding source folder /FirstProject/src/main/java
2023-12-02 10:10:00,664 [Worker-7: Updating Maven Project] INFO  o.e.m.j.i.AbstractJavaProjectConfigurator - Adding resource folder /FirstProject/src/main/resources
2023-12-02 10:10:00,664 [Worker-7: Updating Maven Project] INFO  o.e.m.j.i.AbstractJavaProjectConfigurator - Adding source folder /FirstProject/src/test/java
2023-12-02 10:10:00,665 [Worker-7: Updating Maven Project] INFO  o.e.m.j.i.AbstractJavaProjectConfigurator - Adding resource folder /FirstProject/src/test/resources
2023-12-02 10:10:01,158 [Worker-7: Updating Maven Project] INFO  o.e.m.c.i.p.ProjectConfigurationManager - Update completed for 1 poms: local refresh takes 0.00 sec, refresh facades takes 1.00 sec, update config takes 0.00 sec 
2023-12-02 10:10:01,348 [Worker-4: Building] INFO  o.a.m.s.f.DefaultMavenResourcesFiltering - Copying 1 resource from src\main\resources to target\classes
2023-12-02 10:10:01,353 [Worker-4: Building] INFO  o.a.m.s.f.DefaultMavenResourcesFiltering - Copying 0 resource from src\test\resources to target\test-classes
2023-12-02 10:17:21,571 [Worker-0: Loading available Gradle versions] INFO  o.e.b.c.i.u.g.PublishedGradleVersions - Gradle version information cache is up-to-date. Trying to read.
2023-12-02 10:20:42,248 [Worker-4: Updating Maven Project] INFO  o.e.m.c.i.p.ProjectConfigurationManager - Update started
2023-12-02 10:20:43,059 [Worker-4: Updating Maven Project] INFO  o.e.m.c.i.l.LifecycleMappingFactory - Using org.eclipse.m2e.jdt.JarLifecycleMapping lifecycle mapping for MavenProject: com.example:dummyProject:0.0.1-SNAPSHOT @ D:\SentientGeeks_Projects\dummyProject\pom.xml.
2023-12-02 10:20:44,613 [Worker-4: Updating Maven Project] INFO  o.e.m.j.i.AbstractJavaProjectConfigurator - Adding source folder /dummyProject/src/main/java
2023-12-02 10:20:44,613 [Worker-4: Updating Maven Project] INFO  o.e.m.j.i.AbstractJavaProjectConfigurator - Adding resource folder /dummyProject/src/main/resources
2023-12-02 10:20:44,615 [Worker-4: Updating Maven Project] INFO  o.e.m.j.i.AbstractJavaProjectConfigurator - Adding source folder /dummyProject/src/test/java
2023-12-02 10:20:44,616 [Worker-4: Updating Maven Project] INFO  o.e.m.j.i.AbstractJavaProjectConfigurator - Adding resource folder /dummyProject/src/test/resources
2023-12-02 10:20:45,182 [Worker-4: Updating Maven Project] INFO  o.e.m.c.i.p.ProjectConfigurationManager - Update completed for 1 poms: local refresh takes 0.00 sec, refresh facades takes 2.00 sec, update config takes 0.00 sec 
2023-12-02 10:20:45,439 [Worker-11: Building] INFO  o.a.m.s.f.DefaultMavenResourcesFiltering - Copying 1 resource from src\main\resources to target\classes
2023-12-02 10:20:45,454 [Worker-11: Building] INFO  o.a.m.s.f.DefaultMavenResourcesFiltering - Copying 0 resource from src\test\resources to target\test-classes
2023-12-02 11:27:55,059 [Worker-18: Launching mavenrun-a4e473de-421f-46c2-9ba4-4823e5b13c2d] INFO  o.eclipse.m2e.core.internal.Bundles - getClasspathEntries(Bundle=org.eclipse.m2e.maven.runtime_3.9.400.20230826-0755 [295])
2023-12-02 11:27:55,062 [Worker-18: Launching mavenrun-a4e473de-421f-46c2-9ba4-4823e5b13c2d] INFO  o.eclipse.m2e.core.internal.Bundles - 	Entry: C:\Users\abc\.p2\pool\plugins\org.eclipse.m2e.maven.runtime_3.9.400.20230826-0755
2023-12-02 11:27:55,063 [Worker-18: Launching mavenrun-a4e473de-421f-46c2-9ba4-4823e5b13c2d] INFO  o.eclipse.m2e.core.internal.Bundles - 	Entry: C:\Users\abc\.p2\pool\plugins\org.eclipse.m2e.maven.runtime_3.9.400.20230826-0755\jars\aether-connector-okhttp-0.17.8.jar
2023-12-02 11:27:55,063 [Worker-18: Launching mavenrun-a4e473de-421f-46c2-9ba4-4823e5b13c2d] INFO  o.eclipse.m2e.core.internal.Bundles - 	Entry: C:\Users\abc\.p2\pool\plugins\org.eclipse.m2e.maven.runtime_3.9.400.20230826-0755\jars\aopalliance-1.0.jar
2023-12-02 11:27:55,064 [Worker-18: Launching mavenrun-a4e473de-421f-46c2-9ba4-4823e5b13c2d] INFO  o.eclipse.m2e.core.internal.Bundles - 	Entry: C:\Users\abc\.p2\pool\plugins\org.eclipse.m2e.maven.runtime_3.9.400.20230826-0755\jars\commons-lang3-3.12.0.jar
2023-12-02 11:27:55,064 [Worker-18: Launching mavenrun-a4e473de-421f-46c2-9ba4-4823e5b13c2d] INFO  o.eclipse.m2e.core.internal.Bundles - 	Entry: C:\Users\abc\.p2\pool\plugins\org.eclipse.m2e.maven.runtime_3.9.400.20230826-0755\jars\guice-5.1.0.jar
2023-12-02 11:27:55,065 [Worker-18: Launching mavenrun-a4e473de-421f-46c2-9ba4-4823e5b13c2d] INFO  o.eclipse.m2e.core.internal.Bundles - 	Entry: C:\Users\abc\.p2\pool\plugins\org.eclipse.m2e.maven.runtime_3.9.400.20230826-0755\jars\jansi-2.4.0.jar
2023-12-02 11:27:55,065 [Worker-18: Launching mavenrun-a4e473de-421f-46c2-9ba4-4823e5b13c2d] INFO  o.eclipse.m2e.core.internal.Bundles - 	Entry: C:\Users\abc\.p2\pool\plugins\org.eclipse.m2e.maven.runtime_3.9.400.20230826-0755\jars\maven-artifact-3.9.4.jar
2023-12-02 11:27:55,066 [Worker-18: Launching mavenrun-a4e473de-421f-46c2-9ba4-4823e5b13c2d] INFO  o.eclipse.m2e.core.internal.Bundles - 	Entry: C:\Users\abc\.p2\pool\plugins\org.eclipse.m2e.maven.runtime_3.9.400.20230826-0755\jars\maven-builder-support-3.9.4.jar
2023-12-02 11:27:55,066 [Worker-18: Launching mavenrun-a4e473de-421f-46c2-9ba4-4823e5b13c2d] INFO  o.eclipse.m2e.core.internal.Bundles - 	Entry: C:\Users\abc\.p2\pool\plugins\org.eclipse.m2e.maven.runtime_3.9.400.20230826-0755\jars\maven-compat-3.9.4.jar
2023-12-02 11:27:55,067 [Worker-18: Launching mavenrun-a4e473de-421f-46c2-9ba4-4823e5b13c2d] INFO  o.eclipse.m2e.core.internal.Bundles - 	Entry: C:\Users\abc\.p2\pool\plugins\org.eclipse.m2e.maven.runtime_3.9.400.20230826-0755\jars\maven-core-3.9.4.jar
2023-12-02 11:27:55,067 [Worker-18: Launching mavenrun-a4e473de-421f-46c2-9ba4-4823e5b13c2d] INFO  o.eclipse.m2e.core.internal.Bundles - 	Entry: C:\Users\abc\.p2\pool\plugins\org.eclipse.m2e.maven.runtime_3.9.400.20230826-0755\jars\maven-embedder-3.9.4.jar
2023-12-02 11:27:55,069 [Worker-18: Launching mavenrun-a4e473de-421f-46c2-9ba4-4823e5b13c2d] INFO  o.eclipse.m2e.core.internal.Bundles - 	Entry: C:\Users\abc\.p2\pool\plugins\org.eclipse.m2e.maven.runtime_3.9.400.20230826-0755\jars\maven-model-3.9.4.jar
2023-12-02 11:27:55,069 [Worker-18: Launching mavenrun-a4e473de-421f-46c2-9ba4-4823e5b13c2d] INFO  o.eclipse.m2e.core.internal.Bundles - 	Entry: C:\Users\abc\.p2\pool\plugins\org.eclipse.m2e.maven.runtime_3.9.400.20230826-0755\jars\maven-model-builder-3.9.4.jar
2023-12-02 11:27:55,070 [Worker-18: Launching mavenrun-a4e473de-421f-46c2-9ba4-4823e5b13c2d] INFO  o.eclipse.m2e.core.internal.Bundles - 	Entry: C:\Users\abc\.p2\pool\plugins\org.eclipse.m2e.maven.runtime_3.9.400.20230826-0755\jars\maven-plugin-api-3.9.4.jar
2023-12-02 11:27:55,070 [Worker-18: Launching mavenrun-a4e473de-421f-46c2-9ba4-4823e5b13c2d] INFO  o.eclipse.m2e.core.internal.Bundles - 	Entry: C:\Users\abc\.p2\pool\plugins\org.eclipse.m2e.maven.runtime_3.9.400.20230826-0755\jars\maven-repository-metadata-3.9.4.jar
2023-12-02 11:27:55,071 [Worker-18: Launching mavenrun-a4e473de-421f-46c2-9ba4-4823e5b13c2d] INFO  o.eclipse.m2e.core.internal.Bundles - 	Entry: C:\Users\abc\.p2\pool\plugins\org.eclipse.m2e.maven.runtime_3.9.400.20230826-0755\jars\maven-resolver-api-1.9.14.jar
2023-12-02 11:27:55,071 [Worker-18: Launching mavenrun-a4e473de-421f-46c2-9ba4-4823e5b13c2d] INFO  o.eclipse.m2e.core.internal.Bundles - 	Entry: C:\Users\abc\.p2\pool\plugins\org.eclipse.m2e.maven.runtime_3.9.400.20230826-0755\jars\maven-resolver-connector-basic-1.9.14.jar
2023-12-02 11:27:55,071 [Worker-18: Launching mavenrun-a4e473de-421f-46c2-9ba4-4823e5b13c2d] INFO  o.eclipse.m2e.core.internal.Bundles - 	Entry: C:\Users\abc\.p2\pool\plugins\org.eclipse.m2e.maven.runtime_3.9.400.20230826-0755\jars\maven-resolver-impl-1.9.14.jar
2023-12-02 11:27:55,072 [Worker-18: Launching mavenrun-a4e473de-421f-46c2-9ba4-4823e5b13c2d] INFO  o.eclipse.m2e.core.internal.Bundles - 	Entry: C:\Users\abc\.p2\pool\plugins\org.eclipse.m2e.maven.runtime_3.9.400.20230826-0755\jars\maven-resolver-named-locks-1.9.14.jar
2023-12-02 11:27:55,072 [Worker-18: Launching mavenrun-a4e473de-421f-46c2-9ba4-4823e5b13c2d] INFO  o.eclipse.m2e.core.internal.Bundles - 	Entry: C:\Users\abc\.p2\pool\plugins\org.eclipse.m2e.maven.runtime_3.9.400.20230826-0755\jars\maven-resolver-provider-3.9.4.jar
2023-12-02 11:27:55,072 [Worker-18: Launching mavenrun-a4e473de-421f-46c2-9ba4-4823e5b13c2d] INFO  o.eclipse.m2e.core.internal.Bundles - 	Entry: C:\Users\abc\.p2\pool\plugins\org.eclipse.m2e.maven.runtime_3.9.400.20230826-0755\jars\maven-resolver-spi-1.9.14.jar
2023-12-02 11:27:55,073 [Worker-18: Launching mavenrun-a4e473de-421f-46c2-9ba4-4823e5b13c2d] INFO  o.eclipse.m2e.core.internal.Bundles - 	Entry: C:\Users\abc\.p2\pool\plugins\org.eclipse.m2e.maven.runtime_3.9.400.20230826-0755\jars\maven-resolver-transport-wagon-1.9.14.jar
2023-12-02 11:27:55,073 [Worker-18: Launching mavenrun-a4e473de-421f-46c2-9ba4-4823e5b13c2d] INFO  o.eclipse.m2e.core.internal.Bundles - 	Entry: C:\Users\abc\.p2\pool\plugins\org.eclipse.m2e.maven.runtime_3.9.400.20230826-0755\jars\maven-resolver-util-1.9.14.jar
2023-12-02 11:27:55,085 [Worker-18: Launching mavenrun-a4e473de-421f-46c2-9ba4-4823e5b13c2d] INFO  o.eclipse.m2e.core.internal.Bundles - 	Entry: C:\Users\abc\.p2\pool\plugins\org.eclipse.m2e.maven.runtime_3.9.400.20230826-0755\jars\maven-settings-3.9.4.jar
2023-12-02 11:27:55,087 [Worker-18: Launching mavenrun-a4e473de-421f-46c2-9ba4-4823e5b13c2d] INFO  o.eclipse.m2e.core.internal.Bundles - 	Entry: C:\Users\abc\.p2\pool\plugins\org.eclipse.m2e.maven.runtime_3.9.400.20230826-0755\jars\maven-settings-builder-3.9.4.jar
2023-12-02 11:27:55,089 [Worker-18: Launching mavenrun-a4e473de-421f-46c2-9ba4-4823e5b13c2d] INFO  o.eclipse.m2e.core.internal.Bundles - 	Entry: C:\Users\abc\.p2\pool\plugins\org.eclipse.m2e.maven.runtime_3.9.400.20230826-0755\jars\maven-shared-utils-3.3.4.jar
2023-12-02 11:27:55,091 [Worker-18: Launching mavenrun-a4e473de-421f-46c2-9ba4-4823e5b13c2d] INFO  o.eclipse.m2e.core.internal.Bundles - 	Entry: C:\Users\abc\.p2\pool\plugins\org.eclipse.m2e.maven.runtime_3.9.400.20230826-0755\jars\okhttp-3.14.1.jar
2023-12-02 11:27:55,092 [Worker-18: Launching mavenrun-a4e473de-421f-46c2-9ba4-4823e5b13c2d] INFO  o.eclipse.m2e.core.internal.Bundles - 	Entry: C:\Users\abc\.p2\pool\plugins\org.eclipse.m2e.maven.runtime_3.9.400.20230826-0755\jars\okio-1.17.3.jar
2023-12-02 11:27:55,092 [Worker-18: Launching mavenrun-a4e473de-421f-46c2-9ba4-4823e5b13c2d] INFO  o.eclipse.m2e.core.internal.Bundles - 	Entry: C:\Users\abc\.p2\pool\plugins\org.eclipse.m2e.maven.runtime_3.9.400.20230826-0755\jars\org.eclipse.sisu.inject-0.3.5.jar
2023-12-02 11:27:55,093 [Worker-18: Launching mavenrun-a4e473de-421f-46c2-9ba4-4823e5b13c2d] INFO  o.eclipse.m2e.core.internal.Bundles - 	Entry: C:\Users\abc\.p2\pool\plugins\org.eclipse.m2e.maven.runtime_3.9.400.20230826-0755\jars\org.eclipse.sisu.plexus-0.3.5.jar
2023-12-02 11:27:55,094 [Worker-18: Launching mavenrun-a4e473de-421f-46c2-9ba4-4823e5b13c2d] INFO  o.eclipse.m2e.core.internal.Bundles - 	Entry: C:\Users\abc\.p2\pool\plugins\org.eclipse.m2e.maven.runtime_3.9.400.20230826-0755\jars\plexus-build-api-0.0.7.jar
2023-12-02 11:27:55,094 [Worker-18: Launching mavenrun-a4e473de-421f-46c2-9ba4-4823e5b13c2d] INFO  o.eclipse.m2e.core.internal.Bundles - 	Entry: C:\Users\abc\.p2\pool\plugins\org.eclipse.m2e.maven.runtime_3.9.400.20230826-0755\jars\plexus-cipher-2.0.jar
2023-12-02 11:27:55,095 [Worker-18: Launching mavenrun-a4e473de-421f-46c2-9ba4-4823e5b13c2d] INFO  o.eclipse.m2e.core.internal.Bundles - 	Entry: C:\Users\abc\.p2\pool\plugins\org.eclipse.m2e.maven.runtime_3.9.400.20230826-0755\jars\plexus-classworlds-2.7.0.jar
2023-12-02 11:27:55,095 [Worker-18: Launching mavenrun-a4e473de-421f-46c2-9ba4-4823e5b13c2d] INFO  o.eclipse.m2e.core.internal.Bundles - 	Entry: C:\Users\abc\.p2\pool\plugins\org.eclipse.m2e.maven.runtime_3.9.400.20230826-0755\jars\plexus-component-annotations-2.1.0.jar
2023-12-02 11:27:55,096 [Worker-18: Launching mavenrun-a4e473de-421f-46c2-9ba4-4823e5b13c2d] INFO  o.eclipse.m2e.core.internal.Bundles - 	Entry: C:\Users\abc\.p2\pool\plugins\org.eclipse.m2e.maven.runtime_3.9.400.20230826-0755\jars\plexus-interpolation-1.26.jar
2023-12-02 11:27:55,097 [Worker-18: Launching mavenrun-a4e473de-421f-46c2-9ba4-4823e5b13c2d] INFO  o.eclipse.m2e.core.internal.Bundles - 	Entry: C:\Users\abc\.p2\pool\plugins\org.eclipse.m2e.maven.runtime_3.9.400.20230826-0755\jars\plexus-sec-dispatcher-2.0.jar
2023-12-02 11:27:55,097 [Worker-18: Launching mavenrun-a4e473de-421f-46c2-9ba4-4823e5b13c2d] INFO  o.eclipse.m2e.core.internal.Bundles - 	Entry: C:\Users\abc\.p2\pool\plugins\org.eclipse.m2e.maven.runtime_3.9.400.20230826-0755\jars\plexus-utils-3.5.1.jar
2023-12-02 11:27:55,101 [Worker-18: Launching mavenrun-a4e473de-421f-46c2-9ba4-4823e5b13c2d] INFO  o.eclipse.m2e.core.internal.Bundles - 	Entry: C:\Users\abc\.p2\pool\plugins\org.eclipse.m2e.maven.runtime_3.9.400.20230826-0755\jars\wagon-file-3.5.3.jar
2023-12-02 11:27:55,102 [Worker-18: Launching mavenrun-a4e473de-421f-46c2-9ba4-4823e5b13c2d] INFO  o.eclipse.m2e.core.internal.Bundles - 	Entry: C:\Users\abc\.p2\pool\plugins\org.eclipse.m2e.maven.runtime_3.9.400.20230826-0755\jars\wagon-provider-api-3.5.3.jar
2023-12-02 11:27:55,104 [Worker-18: Launching mavenrun-a4e473de-421f-46c2-9ba4-4823e5b13c2d] INFO  o.eclipse.m2e.core.internal.Bundles - getClasspathEntries(Bundle=com.google.guava_32.1.2.jre [10])
2023-12-02 11:27:55,105 [Worker-18: Launching mavenrun-a4e473de-421f-46c2-9ba4-4823e5b13c2d] INFO  o.eclipse.m2e.core.internal.Bundles - 	Entry: C:\Users\abc\.p2\pool\plugins\com.google.guava_32.1.2.jre.jar
2023-12-02 11:27:55,105 [Worker-18: Launching mavenrun-a4e473de-421f-46c2-9ba4-4823e5b13c2d] INFO  o.eclipse.m2e.core.internal.Bundles - getClasspathEntries(Bundle=slf4j.api_2.0.9 [516])
2023-12-02 11:27:55,106 [Worker-18: Launching mavenrun-a4e473de-421f-46c2-9ba4-4823e5b13c2d] INFO  o.eclipse.m2e.core.internal.Bundles - 	Entry: C:\Users\abc\.p2\pool\plugins\slf4j.api_2.0.9.jar
2023-12-02 11:27:55,106 [Worker-18: Launching mavenrun-a4e473de-421f-46c2-9ba4-4823e5b13c2d] INFO  o.eclipse.m2e.core.internal.Bundles - getClasspathEntries(Bundle=javax.inject_1.0.0.v20220405-0441 [26])
2023-12-02 11:27:55,106 [Worker-18: Launching mavenrun-a4e473de-421f-46c2-9ba4-4823e5b13c2d] INFO  o.eclipse.m2e.core.internal.Bundles - 	Entry: C:\Users\abc\.p2\pool\plugins\javax.inject_1.0.0.v20220405-0441.jar
2023-12-02 11:27:55,107 [Worker-18: Launching mavenrun-a4e473de-421f-46c2-9ba4-4823e5b13c2d] INFO  o.eclipse.m2e.core.internal.Bundles - getClasspathEntries(Bundle=javax.annotation_1.3.5.v20200909-1856 [24])
2023-12-02 11:27:55,107 [Worker-18: Launching mavenrun-a4e473de-421f-46c2-9ba4-4823e5b13c2d] INFO  o.eclipse.m2e.core.internal.Bundles - 	Entry: C:\Users\abc\.p2\pool\plugins\javax.annotation_1.3.5.v20200909-1856.jar
2023-12-02 11:27:55,107 [Worker-18: Launching mavenrun-a4e473de-421f-46c2-9ba4-4823e5b13c2d] INFO  o.eclipse.m2e.core.internal.Bundles - getClasspathEntries(Bundle=org.apache.commons.cli_1.5.0 [49])
2023-12-02 11:27:55,108 [Worker-18: Launching mavenrun-a4e473de-421f-46c2-9ba4-4823e5b13c2d] INFO  o.eclipse.m2e.core.internal.Bundles - 	Entry: C:\Users\abc\.p2\pool\plugins\org.apache.commons.cli_1.5.0.jar
2023-12-02 11:27:55,108 [Worker-18: Launching mavenrun-a4e473de-421f-46c2-9ba4-4823e5b13c2d] INFO  o.eclipse.m2e.core.internal.Bundles - getClasspathEntries(Bundle=com.google.guava.failureaccess_1.0.1 [12])
2023-12-02 11:27:55,109 [Worker-18: Launching mavenrun-a4e473de-421f-46c2-9ba4-4823e5b13c2d] INFO  o.eclipse.m2e.core.internal.Bundles - 	Entry: C:\Users\abc\.p2\pool\plugins\com.google.guava.failureaccess_1.0.1.jar
2023-12-02 11:27:55,113 [Worker-18: Launching mavenrun-a4e473de-421f-46c2-9ba4-4823e5b13c2d] INFO  o.e.m.i.launch.MavenLaunchDelegate - Run build in "C:\Users\abc\AppData\Local\Temp\m2e-archetypeGenerator8469112836840027409":
2023-12-02 11:27:55,113 [Worker-18: Launching mavenrun-a4e473de-421f-46c2-9ba4-4823e5b13c2d] INFO  o.e.m.i.launch.MavenLaunchDelegate -  mvn  -Dname=user -Ddescription=null -Dshaded=true -DarchetypeGroupId=io.dropwizard.archetypes -DarchetypeArtifactId=java-simple -DarchetypeVersion=4.0.4 -DgroupId=com.practice -DartifactId=userService -Dversion=0.0.1-SNAPSHOT -Dpackage=com.practice.userService -DoutputDirectory=D:\SentientGeeks_Projects -Dstyle.color=always -U archetype:generate
2023-12-02 11:28:09,215 [Worker-11: Creating java-simple] INFO  o.e.m.c.i.p.ProjectConfigurationManager - Collecting project info '/pom.xml' D:\SentientGeeks_Projects\userService\pom.xml
2023-12-02 11:28:09,424 [Worker-11: Creating java-simple] INFO  o.e.m.c.i.l.LifecycleMappingFactory - Using org.eclipse.m2e.jdt.JarLifecycleMapping lifecycle mapping for MavenProject: com.practice:userService:0.0.1-SNAPSHOT @ D:\SentientGeeks_Projects\userService\pom.xml.
2023-12-02 11:28:11,141 [Worker-11: Creating java-simple] INFO  o.e.m.j.i.AbstractJavaProjectConfigurator - Adding source folder /userService/src/main/java
2023-12-02 11:28:11,141 [Worker-11: Creating java-simple] INFO  o.e.m.j.i.AbstractJavaProjectConfigurator - Adding resource folder /userService/src/main/resources
2023-12-02 11:28:11,170 [Worker-11: Creating java-simple] INFO  o.e.m.j.i.AbstractJavaProjectConfigurator - Adding source folder /userService/src/test/java
2023-12-02 11:28:11,171 [Worker-11: Creating java-simple] INFO  o.e.m.j.i.AbstractJavaProjectConfigurator - Adding resource folder /userService/src/test/resources
2023-12-02 11:28:11,650 [Worker-11: Creating java-simple] INFO  o.e.m.c.i.p.ProjectConfigurationManager - Imported and configured 1 project(s) in 2 sec
2023-12-02 11:28:12,032 [Worker-21: Building] INFO  o.a.m.s.f.DefaultMavenResourcesFiltering - Copying 1 resource from src\main\resources to target\classes
2023-12-02 11:28:12,037 [Worker-21: Building] INFO  o.a.m.s.f.DefaultMavenResourcesFiltering - Copying 0 resource from src\test\resources to target\test-classes
2023-12-02 11:30:31,422 [Worker-25: Building] INFO  o.e.m.c.i.l.LifecycleMappingFactory - Using org.eclipse.m2e.jdt.JarLifecycleMapping lifecycle mapping for MavenProject: com.practice:userService:0.0.1-SNAPSHOT @ D:\SentientGeeks_Projects\userService\pom.xml.
2023-12-02 11:30:32,492 [Worker-25: Building] INFO  o.a.m.s.f.DefaultMavenResourcesFiltering - Copying 0 resource from src\main\resources to target\classes
2023-12-02 11:30:32,495 [Worker-25: Building] INFO  o.a.m.s.f.DefaultMavenResourcesFiltering - Copying 0 resource from src\test\resources to target\test-classes
2023-12-02 11:30:43,596 [Worker-24: Updating Maven Project] INFO  o.e.m.c.i.p.ProjectConfigurationManager - Update started
2023-12-02 11:30:43,909 [Worker-24: Updating Maven Project] INFO  o.e.m.c.i.l.LifecycleMappingFactory - Using org.eclipse.m2e.jdt.JarLifecycleMapping lifecycle mapping for MavenProject: com.practice:userService:0.0.1-SNAPSHOT @ D:\SentientGeeks_Projects\userService\pom.xml.
2023-12-02 11:30:44,570 [Worker-24: Updating Maven Project] INFO  o.e.m.c.i.l.LifecycleMappingFactory - Using org.eclipse.m2e.jdt.JarLifecycleMapping lifecycle mapping for MavenProject: com.example:dummyProject:0.0.1-SNAPSHOT @ D:\SentientGeeks_Projects\dummyProject\pom.xml.
2023-12-02 11:30:45,356 [Worker-24: Updating Maven Project] INFO  o.e.m.j.i.AbstractJavaProjectConfigurator - Adding source folder /userService/src/main/java
2023-12-02 11:30:45,356 [Worker-24: Updating Maven Project] INFO  o.e.m.j.i.AbstractJavaProjectConfigurator - Adding resource folder /userService/src/main/resources
2023-12-02 11:30:45,357 [Worker-24: Updating Maven Project] INFO  o.e.m.j.i.AbstractJavaProjectConfigurator - Adding source folder /userService/src/test/java
2023-12-02 11:30:45,358 [Worker-24: Updating Maven Project] INFO  o.e.m.j.i.AbstractJavaProjectConfigurator - Adding resource folder /userService/src/test/resources
2023-12-02 11:30:45,793 [Worker-24: Updating Maven Project] INFO  o.e.m.c.i.p.ProjectConfigurationManager - Update completed for 1 poms: local refresh takes 0.00 sec, refresh facades takes 1.00 sec, update config takes 0.00 sec 
2023-12-02 11:30:46,011 [Worker-24: Building] INFO  o.a.m.s.f.DefaultMavenResourcesFiltering - Copying 1 resource from src\main\resources to target\classes
2023-12-02 11:30:46,025 [Worker-24: Building] INFO  o.a.m.s.f.DefaultMavenResourcesFiltering - Copying 0 resource from src\test\resources to target\test-classes
2023-12-02 11:42:41,080 [Worker-20: Updating Maven Project] INFO  o.e.m.c.i.p.ProjectConfigurationManager - Update started
2023-12-02 11:42:41,562 [Worker-20: Updating Maven Project] INFO  o.e.m.c.i.l.LifecycleMappingFactory - Using org.eclipse.m2e.jdt.JarLifecycleMapping lifecycle mapping for MavenProject: com.practice:userService:0.0.1-SNAPSHOT @ D:\SentientGeeks_Projects\userService\pom.xml.
2023-12-02 11:42:42,230 [Worker-20: Updating Maven Project] INFO  o.e.m.c.i.l.LifecycleMappingFactory - Using org.eclipse.m2e.jdt.JarLifecycleMapping lifecycle mapping for MavenProject: com.example:dummyProject:0.0.1-SNAPSHOT @ D:\SentientGeeks_Projects\dummyProject\pom.xml.
2023-12-02 11:42:43,035 [Worker-20: Updating Maven Project] INFO  o.e.m.j.i.AbstractJavaProjectConfigurator - Adding source folder /userService/src/main/java
2023-12-02 11:42:43,035 [Worker-20: Updating Maven Project] INFO  o.e.m.j.i.AbstractJavaProjectConfigurator - Adding resource folder /userService/src/main/resources
2023-12-02 11:42:43,036 [Worker-20: Updating Maven Project] INFO  o.e.m.j.i.AbstractJavaProjectConfigurator - Adding source folder /userService/src/test/java
2023-12-02 11:42:43,036 [Worker-20: Updating Maven Project] INFO  o.e.m.j.i.AbstractJavaProjectConfigurator - Adding resource folder /userService/src/test/resources
2023-12-02 11:42:43,393 [Worker-20: Updating Maven Project] INFO  o.e.m.c.i.p.ProjectConfigurationManager - Update completed for 1 poms: local refresh takes 0.00 sec, refresh facades takes 1.00 sec, update config takes 0.00 sec 
2023-12-02 11:42:43,602 [Worker-28: Building] INFO  o.a.m.s.f.DefaultMavenResourcesFiltering - Copying 1 resource from src\main\resources to target\classes
2023-12-02 11:42:43,610 [Worker-28: Building] INFO  o.a.m.s.f.DefaultMavenResourcesFiltering - Copying 0 resource from src\test\resources to target\test-classes
2023-12-02 11:44:47,239 [Worker-27: Updating Maven Project] INFO  o.e.m.c.i.p.ProjectConfigurationManager - Update started
2023-12-02 11:44:47,558 [Worker-27: Updating Maven Project] INFO  o.e.m.c.i.l.LifecycleMappingFactory - Using org.eclipse.m2e.jdt.JarLifecycleMapping lifecycle mapping for MavenProject: com.practice:userService:0.0.1-SNAPSHOT @ D:\SentientGeeks_Projects\userService\pom.xml.
2023-12-02 11:44:48,207 [Worker-27: Updating Maven Project] INFO  o.e.m.c.i.l.LifecycleMappingFactory - Using org.eclipse.m2e.jdt.JarLifecycleMapping lifecycle mapping for MavenProject: com.example:dummyProject:0.0.1-SNAPSHOT @ D:\SentientGeeks_Projects\dummyProject\pom.xml.
2023-12-02 11:44:49,097 [Worker-27: Updating Maven Project] INFO  o.e.m.j.i.AbstractJavaProjectConfigurator - Adding source folder /userService/src/main/java
2023-12-02 11:44:49,098 [Worker-27: Updating Maven Project] INFO  o.e.m.j.i.AbstractJavaProjectConfigurator - Adding resource folder /userService/src/main/resources
2023-12-02 11:44:49,098 [Worker-27: Updating Maven Project] INFO  o.e.m.j.i.AbstractJavaProjectConfigurator - Adding source folder /userService/src/test/java
2023-12-02 11:44:49,099 [Worker-27: Updating Maven Project] INFO  o.e.m.j.i.AbstractJavaProjectConfigurator - Adding resource folder /userService/src/test/resources
2023-12-02 11:44:49,505 [Worker-27: Updating Maven Project] INFO  o.e.m.c.i.p.ProjectConfigurationManager - Update completed for 1 poms: local refresh takes 0.00 sec, refresh facades takes 1.00 sec, update config takes 0.00 sec 
2023-12-02 11:44:49,722 [Worker-29: Building] INFO  o.a.m.s.f.DefaultMavenResourcesFiltering - Copying 1 resource from src\main\resources to target\classes
2023-12-02 11:44:49,731 [Worker-29: Building] INFO  o.a.m.s.f.DefaultMavenResourcesFiltering - Copying 0 resource from src\test\resources to target\test-classes
2023-12-02 11:58:33,515 [Worker-1: Loading available Gradle versions] INFO  o.e.b.c.i.u.g.PublishedGradleVersions - Gradle version information cache is up-to-date. Trying to read.
